Using cuda device
Wrapping the env with a `Monitor` wrapper
Wrapping the env in a DummyVecEnv.
Logging to logs/PPO-1755726828/ppo_cant_stop_0
---------------------------------
| rollout/           |          |
|    ep_len_mean     | 31.4     |
|    ep_rew_mean     | -329     |
| time/              |          |
|    fps             | 522      |
|    iterations      | 1        |
|    time_elapsed    | 3        |
|    total_timesteps | 2048     |
---------------------------------
-----------------------------------------
| rollout/                |             |
|    ep_len_mean          | 32          |
|    ep_rew_mean          | -253        |
| time/                   |             |
|    fps                  | 489         |
|    iterations           | 2           |
|    time_elapsed         | 8           |
|    total_timesteps      | 4096        |
| train/                  |             |
|    approx_kl            | 0.014610287 |
|    clip_fraction        | 0.18        |
|    clip_range           | 0.2         |
|    entropy_loss         | -1.71       |
|    explained_variance   | 0.000623    |
|    learning_rate        | 0.0003      |
|    loss                 | 9.57e+03    |
|    n_updates            | 10          |
|    policy_gradient_loss | -0.0272     |
|    value_loss           | 2.3e+04     |
-----------------------------------------
-----------------------------------------
| rollout/                |             |
|    ep_len_mean          | 36.1        |
|    ep_rew_mean          | -118        |
| time/                   |             |
|    fps                  | 474         |
|    iterations           | 3           |
|    time_elapsed         | 12          |
|    total_timesteps      | 6144        |
| train/                  |             |
|    approx_kl            | 0.012902691 |
|    clip_fraction        | 0.158       |
|    clip_range           | 0.2         |
|    entropy_loss         | -1.65       |
|    explained_variance   | 0.00117     |
|    learning_rate        | 0.0003      |
|    loss                 | 5.24e+03    |
|    n_updates            | 20          |
|    policy_gradient_loss | -0.0293     |
|    value_loss           | 1.33e+04    |
-----------------------------------------
-----------------------------------------
| rollout/                |             |
|    ep_len_mean          | 39.3        |
|    ep_rew_mean          | -30         |
| time/                   |             |
|    fps                  | 466         |
|    iterations           | 4           |
|    time_elapsed         | 17          |
|    total_timesteps      | 8192        |
| train/                  |             |
|    approx_kl            | 0.010074427 |
|    clip_fraction        | 0.108       |
|    clip_range           | 0.2         |
|    entropy_loss         | -1.56       |
|    explained_variance   | 0.0114      |
|    learning_rate        | 0.0003      |
|    loss                 | 4.46e+03    |
|    n_updates            | 30          |
|    policy_gradient_loss | -0.0229     |
|    value_loss           | 8.33e+03    |
-----------------------------------------
[HB] 10000 steps...
-----------------------------------------
| rollout/                |             |
|    ep_len_mean          | 41.1        |
|    ep_rew_mean          | 49.7        |
| time/                   |             |
|    fps                  | 463         |
|    iterations           | 5           |
|    time_elapsed         | 22          |
|    total_timesteps      | 10240       |
| train/                  |             |
|    approx_kl            | 0.010399361 |
|    clip_fraction        | 0.0745      |
|    clip_range           | 0.2         |
|    entropy_loss         | -1.51       |
|    explained_variance   | 0.075       |
|    learning_rate        | 0.0003      |
|    loss                 | 3.64e+03    |
|    n_updates            | 40          |
|    policy_gradient_loss | -0.0164     |
|    value_loss           | 7.6e+03     |
-----------------------------------------
-----------------------------------------
| rollout/                |             |
|    ep_len_mean          | 44.3        |
|    ep_rew_mean          | 173         |
| time/                   |             |
|    fps                  | 461         |
|    iterations           | 6           |
|    time_elapsed         | 26          |
|    total_timesteps      | 12288       |
| train/                  |             |
|    approx_kl            | 0.009089601 |
|    clip_fraction        | 0.0825      |
|    clip_range           | 0.2         |
|    entropy_loss         | -1.41       |
|    explained_variance   | 0.0669      |
|    learning_rate        | 0.0003      |
|    loss                 | 4.79e+03    |
|    n_updates            | 50          |
|    policy_gradient_loss | -0.0176     |
|    value_loss           | 9.03e+03    |
-----------------------------------------
----------------------------------------
| rollout/                |            |
|    ep_len_mean          | 46.2       |
|    ep_rew_mean          | 274        |
| time/                   |            |
|    fps                  | 460        |
|    iterations           | 7          |
|    time_elapsed         | 31         |
|    total_timesteps      | 14336      |
| train/                  |            |
|    approx_kl            | 0.00795223 |
|    clip_fraction        | 0.0631     |
|    clip_range           | 0.2        |
|    entropy_loss         | -1.35      |
|    explained_variance   | 0.0317     |
|    learning_rate        | 0.0003     |
|    loss                 | 4.78e+03   |
|    n_updates            | 60         |
|    policy_gradient_loss | -0.0158    |
|    value_loss           | 1.17e+04   |
----------------------------------------
------------------------------------------
| rollout/                |              |
|    ep_len_mean          | 47.1         |
|    ep_rew_mean          | 317          |
| time/                   |              |
|    fps                  | 460          |
|    iterations           | 8            |
|    time_elapsed         | 35           |
|    total_timesteps      | 16384        |
| train/                  |              |
|    approx_kl            | 0.0069175917 |
|    clip_fraction        | 0.0362       |
|    clip_range           | 0.2          |
|    entropy_loss         | -1.3         |
|    explained_variance   | 0.000352     |
|    learning_rate        | 0.0003       |
|    loss                 | 6.48e+03     |
|    n_updates            | 70           |
|    policy_gradient_loss | -0.0142      |
|    value_loss           | 1.5e+04      |
------------------------------------------
------------------------------------------
| rollout/                |              |
|    ep_len_mean          | 47.8         |
|    ep_rew_mean          | 356          |
| time/                   |              |
|    fps                  | 459          |
|    iterations           | 9            |
|    time_elapsed         | 40           |
|    total_timesteps      | 18432        |
| train/                  |              |
|    approx_kl            | 0.0053468584 |
|    clip_fraction        | 0.045        |
|    clip_range           | 0.2          |
|    entropy_loss         | -1.25        |
|    explained_variance   | 0.00019      |
|    learning_rate        | 0.0003       |
|    loss                 | 5.09e+03     |
|    n_updates            | 80           |
|    policy_gradient_loss | -0.016       |
|    value_loss           | 1.19e+04     |
------------------------------------------
[HB] 20000 steps...
-----------------------------------------
| rollout/                |             |
|    ep_len_mean          | 49.3        |
|    ep_rew_mean          | 396         |
| time/                   |             |
|    fps                  | 459         |
|    iterations           | 10          |
|    time_elapsed         | 44          |
|    total_timesteps      | 20480       |
| train/                  |             |
|    approx_kl            | 0.005212144 |
|    clip_fraction        | 0.0244      |
|    clip_range           | 0.2         |
|    entropy_loss         | -1.24       |
|    explained_variance   | 5.01e-05    |
|    learning_rate        | 0.0003      |
|    loss                 | 1.17e+04    |
|    n_updates            | 90          |
|    policy_gradient_loss | -0.012      |
|    value_loss           | 1.9e+04     |
-----------------------------------------
-----------------------------------------
| rollout/                |             |
|    ep_len_mean          | 51          |
|    ep_rew_mean          | 441         |
| time/                   |             |
|    fps                  | 458         |
|    iterations           | 11          |
|    time_elapsed         | 49          |
|    total_timesteps      | 22528       |
| train/                  |             |
|    approx_kl            | 0.005053034 |
|    clip_fraction        | 0.0353      |
|    clip_range           | 0.2         |
|    entropy_loss         | -1.18       |
|    explained_variance   | 8.06e-05    |
|    learning_rate        | 0.0003      |
|    loss                 | 1.14e+04    |
|    n_updates            | 100         |
|    policy_gradient_loss | -0.0134     |
|    value_loss           | 1.76e+04    |
-----------------------------------------
------------------------------------------
| rollout/                |              |
|    ep_len_mean          | 50.7         |
|    ep_rew_mean          | 466          |
| time/                   |              |
|    fps                  | 457          |
|    iterations           | 12           |
|    time_elapsed         | 53           |
|    total_timesteps      | 24576        |
| train/                  |              |
|    approx_kl            | 0.0051092226 |
|    clip_fraction        | 0.0226       |
|    clip_range           | 0.2          |
|    entropy_loss         | -1.18        |
|    explained_variance   | -1.31e-05    |
|    learning_rate        | 0.0003       |
|    loss                 | 7.65e+03     |
|    n_updates            | 110          |
|    policy_gradient_loss | -0.0121      |
|    value_loss           | 1.85e+04     |
------------------------------------------
-----------------------------------------
| rollout/                |             |
|    ep_len_mean          | 52.4        |
|    ep_rew_mean          | 505         |
| time/                   |             |
|    fps                  | 457         |
|    iterations           | 13          |
|    time_elapsed         | 58          |
|    total_timesteps      | 26624       |
| train/                  |             |
|    approx_kl            | 0.004867725 |
|    clip_fraction        | 0.0296      |
|    clip_range           | 0.2         |
|    entropy_loss         | -1.13       |
|    explained_variance   | 1.95e-05    |
|    learning_rate        | 0.0003      |
|    loss                 | 9.39e+03    |
|    n_updates            | 120         |
|    policy_gradient_loss | -0.0106     |
|    value_loss           | 2.12e+04    |
-----------------------------------------
------------------------------------------
| rollout/                |              |
|    ep_len_mean          | 52.7         |
|    ep_rew_mean          | 542          |
| time/                   |              |
|    fps                  | 456          |
|    iterations           | 14           |
|    time_elapsed         | 62           |
|    total_timesteps      | 28672        |
| train/                  |              |
|    approx_kl            | 0.0064720884 |
|    clip_fraction        | 0.0494       |
|    clip_range           | 0.2          |
|    entropy_loss         | -1.11        |
|    explained_variance   | -9.18e-06    |
|    learning_rate        | 0.0003       |
|    loss                 | 1.07e+04     |
|    n_updates            | 130          |
|    policy_gradient_loss | -0.0129      |
|    value_loss           | 1.99e+04     |
------------------------------------------
[HB] 30000 steps...
----------------------------------------
| rollout/                |            |
|    ep_len_mean          | 55.7       |
|    ep_rew_mean          | 543        |
| time/                   |            |
|    fps                  | 456        |
|    iterations           | 15         |
|    time_elapsed         | 67         |
|    total_timesteps      | 30720      |
| train/                  |            |
|    approx_kl            | 0.00451878 |
|    clip_fraction        | 0.0294     |
|    clip_range           | 0.2        |
|    entropy_loss         | -1.09      |
|    explained_variance   | 1.03e-05   |
|    learning_rate        | 0.0003     |
|    loss                 | 1.36e+04   |
|    n_updates            | 140        |
|    policy_gradient_loss | -0.0104    |
|    value_loss           | 2.42e+04   |
----------------------------------------
-----------------------------------------
| rollout/                |             |
|    ep_len_mean          | 56.2        |
|    ep_rew_mean          | 557         |
| time/                   |             |
|    fps                  | 456         |
|    iterations           | 16          |
|    time_elapsed         | 71          |
|    total_timesteps      | 32768       |
| train/                  |             |
|    approx_kl            | 0.006499419 |
|    clip_fraction        | 0.0431      |
|    clip_range           | 0.2         |
|    entropy_loss         | -1.08       |
|    explained_variance   | 9.6e-06     |
|    learning_rate        | 0.0003      |
|    loss                 | 1.14e+04    |
|    n_updates            | 150         |
|    policy_gradient_loss | -0.0135     |
|    value_loss           | 1.66e+04    |
-----------------------------------------
-----------------------------------------
| rollout/                |             |
|    ep_len_mean          | 56.2        |
|    ep_rew_mean          | 519         |
| time/                   |             |
|    fps                  | 455         |
|    iterations           | 17          |
|    time_elapsed         | 76          |
|    total_timesteps      | 34816       |
| train/                  |             |
|    approx_kl            | 0.005183627 |
|    clip_fraction        | 0.0339      |
|    clip_range           | 0.2         |
|    entropy_loss         | -1.08       |
|    explained_variance   | 2.58e-05    |
|    learning_rate        | 0.0003      |
|    loss                 | 1.04e+04    |
|    n_updates            | 160         |
|    policy_gradient_loss | -0.012      |
|    value_loss           | 1.92e+04    |
-----------------------------------------
-----------------------------------------
| rollout/                |             |
|    ep_len_mean          | 53.5        |
|    ep_rew_mean          | 542         |
| time/                   |             |
|    fps                  | 455         |
|    iterations           | 18          |
|    time_elapsed         | 80          |
|    total_timesteps      | 36864       |
| train/                  |             |
|    approx_kl            | 0.008497229 |
|    clip_fraction        | 0.0563      |
|    clip_range           | 0.2         |
|    entropy_loss         | -1.07       |
|    explained_variance   | 8.05e-06    |
|    learning_rate        | 0.0003      |
|    loss                 | 7e+03       |
|    n_updates            | 170         |
|    policy_gradient_loss | -0.0158     |
|    value_loss           | 1.54e+04    |
-----------------------------------------
-----------------------------------------
| rollout/                |             |
|    ep_len_mean          | 52.9        |
|    ep_rew_mean          | 602         |
| time/                   |             |
|    fps                  | 455         |
|    iterations           | 19          |
|    time_elapsed         | 85          |
|    total_timesteps      | 38912       |
| train/                  |             |
|    approx_kl            | 0.006784425 |
|    clip_fraction        | 0.0233      |
|    clip_range           | 0.2         |
|    entropy_loss         | -1.04       |
|    explained_variance   | 9.06e-06    |
|    learning_rate        | 0.0003      |
|    loss                 | 1.2e+04     |
|    n_updates            | 180         |
|    policy_gradient_loss | -0.0102     |
|    value_loss           | 2.63e+04    |
-----------------------------------------
[HB] 40000 steps...
------------------------------------------
| rollout/                |              |
|    ep_len_mean          | 54           |
|    ep_rew_mean          | 661          |
| time/                   |              |
|    fps                  | 455          |
|    iterations           | 20           |
|    time_elapsed         | 89           |
|    total_timesteps      | 40960        |
| train/                  |              |
|    approx_kl            | 0.0037325285 |
|    clip_fraction        | 0.0183       |
|    clip_range           | 0.2          |
|    entropy_loss         | -1.03        |
|    explained_variance   | 1.03e-05     |
|    learning_rate        | 0.0003       |
|    loss                 | 1.43e+04     |
|    n_updates            | 190          |
|    policy_gradient_loss | -0.0116      |
|    value_loss           | 3.06e+04     |
------------------------------------------
------------------------------------------
| rollout/                |              |
|    ep_len_mean          | 56.8         |
|    ep_rew_mean          | 675          |
| time/                   |              |
|    fps                  | 455          |
|    iterations           | 21           |
|    time_elapsed         | 94           |
|    total_timesteps      | 43008        |
| train/                  |              |
|    approx_kl            | 0.0045798477 |
|    clip_fraction        | 0.0167       |
|    clip_range           | 0.2          |
|    entropy_loss         | -1           |
|    explained_variance   | 6.5e-06      |
|    learning_rate        | 0.0003       |
|    loss                 | 1.88e+04     |
|    n_updates            | 200          |
|    policy_gradient_loss | -0.00958     |
|    value_loss           | 3.56e+04     |
------------------------------------------
------------------------------------------
| rollout/                |              |
|    ep_len_mean          | 56.2         |
|    ep_rew_mean          | 654          |
| time/                   |              |
|    fps                  | 455          |
|    iterations           | 22           |
|    time_elapsed         | 98           |
|    total_timesteps      | 45056        |
| train/                  |              |
|    approx_kl            | 0.0043232758 |
|    clip_fraction        | 0.0187       |
|    clip_range           | 0.2          |
|    entropy_loss         | -1           |
|    explained_variance   | 6.2e-06      |
|    learning_rate        | 0.0003       |
|    loss                 | 1.41e+04     |
|    n_updates            | 210          |
|    policy_gradient_loss | -0.0107      |
|    value_loss           | 2.92e+04     |
------------------------------------------
------------------------------------------
| rollout/                |              |
|    ep_len_mean          | 58.2         |
|    ep_rew_mean          | 638          |
| time/                   |              |
|    fps                  | 455          |
|    iterations           | 23           |
|    time_elapsed         | 103          |
|    total_timesteps      | 47104        |
| train/                  |              |
|    approx_kl            | 0.0058100335 |
|    clip_fraction        | 0.0319       |
|    clip_range           | 0.2          |
|    entropy_loss         | -0.974       |
|    explained_variance   | -4.77e-07    |
|    learning_rate        | 0.0003       |
|    loss                 | 1.34e+04     |
|    n_updates            | 220          |
|    policy_gradient_loss | -0.0128      |
|    value_loss           | 2.22e+04     |
------------------------------------------
------------------------------------------
| rollout/                |              |
|    ep_len_mean          | 58.9         |
|    ep_rew_mean          | 697          |
| time/                   |              |
|    fps                  | 455          |
|    iterations           | 24           |
|    time_elapsed         | 107          |
|    total_timesteps      | 49152        |
| train/                  |              |
|    approx_kl            | 0.0041543143 |
|    clip_fraction        | 0.0193       |
|    clip_range           | 0.2          |
|    entropy_loss         | -0.942       |
|    explained_variance   | 4.41e-06     |
|    learning_rate        | 0.0003       |
|    loss                 | 1.44e+04     |
|    n_updates            | 230          |
|    policy_gradient_loss | -0.0116      |
|    value_loss           | 2.37e+04     |
------------------------------------------
[HB] 50000 steps...
------------------------------------------
| rollout/                |              |
|    ep_len_mean          | 60.1         |
|    ep_rew_mean          | 716          |
| time/                   |              |
|    fps                  | 454          |
|    iterations           | 25           |
|    time_elapsed         | 112          |
|    total_timesteps      | 51200        |
| train/                  |              |
|    approx_kl            | 0.0040752017 |
|    clip_fraction        | 0.022        |
|    clip_range           | 0.2          |
|    entropy_loss         | -0.95        |
|    explained_variance   | 5.3e-06      |
|    learning_rate        | 0.0003       |
|    loss                 | 1.31e+04     |
|    n_updates            | 240          |
|    policy_gradient_loss | -0.0104      |
|    value_loss           | 2.62e+04     |
------------------------------------------
------------------------------------------
| rollout/                |              |
|    ep_len_mean          | 59.7         |
|    ep_rew_mean          | 693          |
| time/                   |              |
|    fps                  | 454          |
|    iterations           | 26           |
|    time_elapsed         | 117          |
|    total_timesteps      | 53248        |
| train/                  |              |
|    approx_kl            | 0.0038343696 |
|    clip_fraction        | 0.0181       |
|    clip_range           | 0.2          |
|    entropy_loss         | -0.968       |
|    explained_variance   | 1.91e-06     |
|    learning_rate        | 0.0003       |
|    loss                 | 8.76e+03     |
|    n_updates            | 250          |
|    policy_gradient_loss | -0.0121      |
|    value_loss           | 2.27e+04     |
------------------------------------------
-----------------------------------------
| rollout/                |             |
|    ep_len_mean          | 59.8        |
|    ep_rew_mean          | 701         |
| time/                   |             |
|    fps                  | 454         |
|    iterations           | 27          |
|    time_elapsed         | 121         |
|    total_timesteps      | 55296       |
| train/                  |             |
|    approx_kl            | 0.005126595 |
|    clip_fraction        | 0.0347      |
|    clip_range           | 0.2         |
|    entropy_loss         | -0.977      |
|    explained_variance   | 8.34e-07    |
|    learning_rate        | 0.0003      |
|    loss                 | 1.24e+04    |
|    n_updates            | 260         |
|    policy_gradient_loss | -0.014      |
|    value_loss           | 2.23e+04    |
-----------------------------------------
-----------------------------------------
| rollout/                |             |
|    ep_len_mean          | 59.8        |
|    ep_rew_mean          | 701         |
| time/                   |             |
|    fps                  | 454         |
|    iterations           | 28          |
|    time_elapsed         | 126         |
|    total_timesteps      | 57344       |
| train/                  |             |
|    approx_kl            | 0.005277068 |
|    clip_fraction        | 0.0314      |
|    clip_range           | 0.2         |
|    entropy_loss         | -0.971      |
|    explained_variance   | 8.34e-07    |
|    learning_rate        | 0.0003      |
|    loss                 | 1.28e+04    |
|    n_updates            | 270         |
|    policy_gradient_loss | -0.0154     |
|    value_loss           | 2.71e+04    |
-----------------------------------------
------------------------------------------
| rollout/                |              |
|    ep_len_mean          | 57.7         |
|    ep_rew_mean          | 697          |
| time/                   |              |
|    fps                  | 454          |
|    iterations           | 29           |
|    time_elapsed         | 130          |
|    total_timesteps      | 59392        |
| train/                  |              |
|    approx_kl            | 0.0054969336 |
|    clip_fraction        | 0.0322       |
|    clip_range           | 0.2          |
|    entropy_loss         | -0.961       |
|    explained_variance   | 5.19e-06     |
|    learning_rate        | 0.0003       |
|    loss                 | 1.14e+04     |
|    n_updates            | 280          |
|    policy_gradient_loss | -0.0166      |
|    value_loss           | 2.55e+04     |
------------------------------------------
