Using cuda device
Wrapping the env with a `Monitor` wrapper
Wrapping the env in a DummyVecEnv.
Logging to logs/PPO-1755726841/ppo_cant_stop_0
---------------------------------
| rollout/           |          |
|    ep_len_mean     | 30.6     |
|    ep_rew_mean     | -356     |
| time/              |          |
|    fps             | 533      |
|    iterations      | 1        |
|    time_elapsed    | 3        |
|    total_timesteps | 2048     |
---------------------------------
----------------------------------------
| rollout/                |            |
|    ep_len_mean          | 32.3       |
|    ep_rew_mean          | -274       |
| time/                   |            |
|    fps                  | 494        |
|    iterations           | 2          |
|    time_elapsed         | 8          |
|    total_timesteps      | 4096       |
| train/                  |            |
|    approx_kl            | 0.01087843 |
|    clip_fraction        | 0.13       |
|    clip_range           | 0.2        |
|    entropy_loss         | -1.74      |
|    explained_variance   | 0.00218    |
|    learning_rate        | 0.0003     |
|    loss                 | 1.26e+04   |
|    n_updates            | 10         |
|    policy_gradient_loss | -0.019     |
|    value_loss           | 2.33e+04   |
----------------------------------------
-----------------------------------------
| rollout/                |             |
|    ep_len_mean          | 33.5        |
|    ep_rew_mean          | -213        |
| time/                   |             |
|    fps                  | 482         |
|    iterations           | 3           |
|    time_elapsed         | 12          |
|    total_timesteps      | 6144        |
| train/                  |             |
|    approx_kl            | 0.011491103 |
|    clip_fraction        | 0.115       |
|    clip_range           | 0.2         |
|    entropy_loss         | -1.67       |
|    explained_variance   | 0.000923    |
|    learning_rate        | 0.0003      |
|    loss                 | 8.03e+03    |
|    n_updates            | 20          |
|    policy_gradient_loss | -0.0209     |
|    value_loss           | 1.62e+04    |
-----------------------------------------
-----------------------------------------
| rollout/                |             |
|    ep_len_mean          | 35.5        |
|    ep_rew_mean          | -110        |
| time/                   |             |
|    fps                  | 477         |
|    iterations           | 4           |
|    time_elapsed         | 17          |
|    total_timesteps      | 8192        |
| train/                  |             |
|    approx_kl            | 0.010537535 |
|    clip_fraction        | 0.123       |
|    clip_range           | 0.2         |
|    entropy_loss         | -1.61       |
|    explained_variance   | 0.000478    |
|    learning_rate        | 0.0003      |
|    loss                 | 6.6e+03     |
|    n_updates            | 30          |
|    policy_gradient_loss | -0.0212     |
|    value_loss           | 1.45e+04    |
-----------------------------------------
[HB] 10000 steps...
-----------------------------------------
| rollout/                |             |
|    ep_len_mean          | 37.8        |
|    ep_rew_mean          | 11          |
| time/                   |             |
|    fps                  | 474         |
|    iterations           | 5           |
|    time_elapsed         | 21          |
|    total_timesteps      | 10240       |
| train/                  |             |
|    approx_kl            | 0.010301288 |
|    clip_fraction        | 0.0982      |
|    clip_range           | 0.2         |
|    entropy_loss         | -1.57       |
|    explained_variance   | 0.00486     |
|    learning_rate        | 0.0003      |
|    loss                 | 3.97e+03    |
|    n_updates            | 40          |
|    policy_gradient_loss | -0.0185     |
|    value_loss           | 7.82e+03    |
-----------------------------------------
-----------------------------------------
| rollout/                |             |
|    ep_len_mean          | 41.2        |
|    ep_rew_mean          | 103         |
| time/                   |             |
|    fps                  | 472         |
|    iterations           | 6           |
|    time_elapsed         | 25          |
|    total_timesteps      | 12288       |
| train/                  |             |
|    approx_kl            | 0.008099615 |
|    clip_fraction        | 0.0428      |
|    clip_range           | 0.2         |
|    entropy_loss         | -1.49       |
|    explained_variance   | 0.0428      |
|    learning_rate        | 0.0003      |
|    loss                 | 3.5e+03     |
|    n_updates            | 50          |
|    policy_gradient_loss | -0.0131     |
|    value_loss           | 9e+03       |
-----------------------------------------
-----------------------------------------
| rollout/                |             |
|    ep_len_mean          | 44.5        |
|    ep_rew_mean          | 191         |
| time/                   |             |
|    fps                  | 471         |
|    iterations           | 7           |
|    time_elapsed         | 30          |
|    total_timesteps      | 14336       |
| train/                  |             |
|    approx_kl            | 0.010379753 |
|    clip_fraction        | 0.117       |
|    clip_range           | 0.2         |
|    entropy_loss         | -1.4        |
|    explained_variance   | 0.0498      |
|    learning_rate        | 0.0003      |
|    loss                 | 4.37e+03    |
|    n_updates            | 60          |
|    policy_gradient_loss | -0.0201     |
|    value_loss           | 9.71e+03    |
-----------------------------------------
------------------------------------------
| rollout/                |              |
|    ep_len_mean          | 46           |
|    ep_rew_mean          | 292          |
| time/                   |              |
|    fps                  | 470          |
|    iterations           | 8            |
|    time_elapsed         | 34           |
|    total_timesteps      | 16384        |
| train/                  |              |
|    approx_kl            | 0.0066306093 |
|    clip_fraction        | 0.0601       |
|    clip_range           | 0.2          |
|    entropy_loss         | -1.33        |
|    explained_variance   | 0.00106      |
|    learning_rate        | 0.0003       |
|    loss                 | 8.42e+03     |
|    n_updates            | 70           |
|    policy_gradient_loss | -0.0154      |
|    value_loss           | 1.21e+04     |
------------------------------------------
------------------------------------------
| rollout/                |              |
|    ep_len_mean          | 45.8         |
|    ep_rew_mean          | 346          |
| time/                   |              |
|    fps                  | 469          |
|    iterations           | 9            |
|    time_elapsed         | 39           |
|    total_timesteps      | 18432        |
| train/                  |              |
|    approx_kl            | 0.0076064277 |
|    clip_fraction        | 0.0495       |
|    clip_range           | 0.2          |
|    entropy_loss         | -1.28        |
|    explained_variance   | -3.43e-05    |
|    learning_rate        | 0.0003       |
|    loss                 | 9.64e+03     |
|    n_updates            | 80           |
|    policy_gradient_loss | -0.0143      |
|    value_loss           | 1.66e+04     |
------------------------------------------
[HB] 20000 steps...
------------------------------------------
| rollout/                |              |
|    ep_len_mean          | 46.7         |
|    ep_rew_mean          | 388          |
| time/                   |              |
|    fps                  | 468          |
|    iterations           | 10           |
|    time_elapsed         | 43           |
|    total_timesteps      | 20480        |
| train/                  |              |
|    approx_kl            | 0.0067681475 |
|    clip_fraction        | 0.0464       |
|    clip_range           | 0.2          |
|    entropy_loss         | -1.26        |
|    explained_variance   | 0.000129     |
|    learning_rate        | 0.0003       |
|    loss                 | 6.58e+03     |
|    n_updates            | 90           |
|    policy_gradient_loss | -0.0151      |
|    value_loss           | 1.32e+04     |
------------------------------------------
------------------------------------------
| rollout/                |              |
|    ep_len_mean          | 48.2         |
|    ep_rew_mean          | 425          |
| time/                   |              |
|    fps                  | 468          |
|    iterations           | 11           |
|    time_elapsed         | 48           |
|    total_timesteps      | 22528        |
| train/                  |              |
|    approx_kl            | 0.0061332798 |
|    clip_fraction        | 0.0292       |
|    clip_range           | 0.2          |
|    entropy_loss         | -1.17        |
|    explained_variance   | 3.93e-06     |
|    learning_rate        | 0.0003       |
|    loss                 | 8.59e+03     |
|    n_updates            | 100          |
|    policy_gradient_loss | -0.0114      |
|    value_loss           | 1.99e+04     |
------------------------------------------
------------------------------------------
| rollout/                |              |
|    ep_len_mean          | 51.1         |
|    ep_rew_mean          | 458          |
| time/                   |              |
|    fps                  | 467          |
|    iterations           | 12           |
|    time_elapsed         | 52           |
|    total_timesteps      | 24576        |
| train/                  |              |
|    approx_kl            | 0.0050970325 |
|    clip_fraction        | 0.0249       |
|    clip_range           | 0.2          |
|    entropy_loss         | -1.16        |
|    explained_variance   | 2.61e-05     |
|    learning_rate        | 0.0003       |
|    loss                 | 9.14e+03     |
|    n_updates            | 110          |
|    policy_gradient_loss | -0.0101      |
|    value_loss           | 1.64e+04     |
------------------------------------------
------------------------------------------
| rollout/                |              |
|    ep_len_mean          | 52.8         |
|    ep_rew_mean          | 507          |
| time/                   |              |
|    fps                  | 467          |
|    iterations           | 13           |
|    time_elapsed         | 56           |
|    total_timesteps      | 26624        |
| train/                  |              |
|    approx_kl            | 0.0068789795 |
|    clip_fraction        | 0.0294       |
|    clip_range           | 0.2          |
|    entropy_loss         | -1.11        |
|    explained_variance   | 5.48e-06     |
|    learning_rate        | 0.0003       |
|    loss                 | 8.39e+03     |
|    n_updates            | 120          |
|    policy_gradient_loss | -0.0117      |
|    value_loss           | 1.7e+04      |
------------------------------------------
-----------------------------------------
| rollout/                |             |
|    ep_len_mean          | 53          |
|    ep_rew_mean          | 538         |
| time/                   |             |
|    fps                  | 467         |
|    iterations           | 14          |
|    time_elapsed         | 61          |
|    total_timesteps      | 28672       |
| train/                  |             |
|    approx_kl            | 0.006652634 |
|    clip_fraction        | 0.043       |
|    clip_range           | 0.2         |
|    entropy_loss         | -1.09       |
|    explained_variance   | 1.11e-05    |
|    learning_rate        | 0.0003      |
|    loss                 | 1.89e+04    |
|    n_updates            | 130         |
|    policy_gradient_loss | -0.0108     |
|    value_loss           | 2.76e+04    |
-----------------------------------------
[HB] 30000 steps...
------------------------------------------
| rollout/                |              |
|    ep_len_mean          | 53           |
|    ep_rew_mean          | 566          |
| time/                   |              |
|    fps                  | 467          |
|    iterations           | 15           |
|    time_elapsed         | 65           |
|    total_timesteps      | 30720        |
| train/                  |              |
|    approx_kl            | 0.0049803886 |
|    clip_fraction        | 0.0303       |
|    clip_range           | 0.2          |
|    entropy_loss         | -1.08        |
|    explained_variance   | 8.88e-06     |
|    learning_rate        | 0.0003       |
|    loss                 | 1.18e+04     |
|    n_updates            | 140          |
|    policy_gradient_loss | -0.0106      |
|    value_loss           | 2.28e+04     |
------------------------------------------
-----------------------------------------
| rollout/                |             |
|    ep_len_mean          | 53          |
|    ep_rew_mean          | 602         |
| time/                   |             |
|    fps                  | 467         |
|    iterations           | 16          |
|    time_elapsed         | 70          |
|    total_timesteps      | 32768       |
| train/                  |             |
|    approx_kl            | 0.007703762 |
|    clip_fraction        | 0.0502      |
|    clip_range           | 0.2         |
|    entropy_loss         | -1.04       |
|    explained_variance   | 4.11e-06    |
|    learning_rate        | 0.0003      |
|    loss                 | 1.62e+04    |
|    n_updates            | 150         |
|    policy_gradient_loss | -0.0119     |
|    value_loss           | 2.73e+04    |
-----------------------------------------
----------------------------------------
| rollout/                |            |
|    ep_len_mean          | 54.4       |
|    ep_rew_mean          | 635        |
| time/                   |            |
|    fps                  | 467        |
|    iterations           | 17         |
|    time_elapsed         | 74         |
|    total_timesteps      | 34816      |
| train/                  |            |
|    approx_kl            | 0.00420158 |
|    clip_fraction        | 0.0144     |
|    clip_range           | 0.2        |
|    entropy_loss         | -0.992     |
|    explained_variance   | 4.17e-06   |
|    learning_rate        | 0.0003     |
|    loss                 | 1.39e+04   |
|    n_updates            | 160        |
|    policy_gradient_loss | -0.00881   |
|    value_loss           | 2.87e+04   |
----------------------------------------
------------------------------------------
| rollout/                |              |
|    ep_len_mean          | 56.1         |
|    ep_rew_mean          | 636          |
| time/                   |              |
|    fps                  | 466          |
|    iterations           | 18           |
|    time_elapsed         | 78           |
|    total_timesteps      | 36864        |
| train/                  |              |
|    approx_kl            | 0.0042849216 |
|    clip_fraction        | 0.022        |
|    clip_range           | 0.2          |
|    entropy_loss         | -0.998       |
|    explained_variance   | 3.16e-06     |
|    learning_rate        | 0.0003       |
|    loss                 | 1.11e+04     |
|    n_updates            | 170          |
|    policy_gradient_loss | -0.0104      |
|    value_loss           | 2.71e+04     |
------------------------------------------
------------------------------------------
| rollout/                |              |
|    ep_len_mean          | 56.7         |
|    ep_rew_mean          | 639          |
| time/                   |              |
|    fps                  | 466          |
|    iterations           | 19           |
|    time_elapsed         | 83           |
|    total_timesteps      | 38912        |
| train/                  |              |
|    approx_kl            | 0.0060229767 |
|    clip_fraction        | 0.0537       |
|    clip_range           | 0.2          |
|    entropy_loss         | -0.964       |
|    explained_variance   | 1.82e-05     |
|    learning_rate        | 0.0003       |
|    loss                 | 9.56e+03     |
|    n_updates            | 180          |
|    policy_gradient_loss | -0.0125      |
|    value_loss           | 2.2e+04      |
------------------------------------------
[HB] 40000 steps...
-----------------------------------------
| rollout/                |             |
|    ep_len_mean          | 56.8        |
|    ep_rew_mean          | 629         |
| time/                   |             |
|    fps                  | 466         |
|    iterations           | 20          |
|    time_elapsed         | 87          |
|    total_timesteps      | 40960       |
| train/                  |             |
|    approx_kl            | 0.005180033 |
|    clip_fraction        | 0.0158      |
|    clip_range           | 0.2         |
|    entropy_loss         | -0.947      |
|    explained_variance   | 7.21e-06    |
|    learning_rate        | 0.0003      |
|    loss                 | 1.44e+04    |
|    n_updates            | 190         |
|    policy_gradient_loss | -0.0093     |
|    value_loss           | 3.3e+04     |
-----------------------------------------
------------------------------------------
| rollout/                |              |
|    ep_len_mean          | 55.9         |
|    ep_rew_mean          | 643          |
| time/                   |              |
|    fps                  | 466          |
|    iterations           | 21           |
|    time_elapsed         | 92           |
|    total_timesteps      | 43008        |
| train/                  |              |
|    approx_kl            | 0.0054141246 |
|    clip_fraction        | 0.0239       |
|    clip_range           | 0.2          |
|    entropy_loss         | -0.978       |
|    explained_variance   | 2.09e-06     |
|    learning_rate        | 0.0003       |
|    loss                 | 1.01e+04     |
|    n_updates            | 200          |
|    policy_gradient_loss | -0.013       |
|    value_loss           | 2.06e+04     |
------------------------------------------
-----------------------------------------
| rollout/                |             |
|    ep_len_mean          | 54.3        |
|    ep_rew_mean          | 618         |
| time/                   |             |
|    fps                  | 466         |
|    iterations           | 22          |
|    time_elapsed         | 96          |
|    total_timesteps      | 45056       |
| train/                  |             |
|    approx_kl            | 0.004175436 |
|    clip_fraction        | 0.0197      |
|    clip_range           | 0.2         |
|    entropy_loss         | -0.971      |
|    explained_variance   | 1.13e-06    |
|    learning_rate        | 0.0003      |
|    loss                 | 1.4e+04     |
|    n_updates            | 210         |
|    policy_gradient_loss | -0.0102     |
|    value_loss           | 2.55e+04    |
-----------------------------------------
-----------------------------------------
| rollout/                |             |
|    ep_len_mean          | 57.6        |
|    ep_rew_mean          | 692         |
| time/                   |             |
|    fps                  | 466         |
|    iterations           | 23          |
|    time_elapsed         | 100         |
|    total_timesteps      | 47104       |
| train/                  |             |
|    approx_kl            | 0.004779865 |
|    clip_fraction        | 0.032       |
|    clip_range           | 0.2         |
|    entropy_loss         | -0.94       |
|    explained_variance   | 5.25e-06    |
|    learning_rate        | 0.0003      |
|    loss                 | 1.11e+04    |
|    n_updates            | 220         |
|    policy_gradient_loss | -0.0125     |
|    value_loss           | 2.37e+04    |
-----------------------------------------
-----------------------------------------
| rollout/                |             |
|    ep_len_mean          | 58.8        |
|    ep_rew_mean          | 701         |
| time/                   |             |
|    fps                  | 466         |
|    iterations           | 24          |
|    time_elapsed         | 105         |
|    total_timesteps      | 49152       |
| train/                  |             |
|    approx_kl            | 0.004150601 |
|    clip_fraction        | 0.019       |
|    clip_range           | 0.2         |
|    entropy_loss         | -0.955      |
|    explained_variance   | 2.09e-06    |
|    learning_rate        | 0.0003      |
|    loss                 | 1.81e+04    |
|    n_updates            | 230         |
|    policy_gradient_loss | -0.0105     |
|    value_loss           | 3.3e+04     |
-----------------------------------------
[HB] 50000 steps...
------------------------------------------
| rollout/                |              |
|    ep_len_mean          | 59.6         |
|    ep_rew_mean          | 687          |
| time/                   |              |
|    fps                  | 466          |
|    iterations           | 25           |
|    time_elapsed         | 109          |
|    total_timesteps      | 51200        |
| train/                  |              |
|    approx_kl            | 0.0050352076 |
|    clip_fraction        | 0.0414       |
|    clip_range           | 0.2          |
|    entropy_loss         | -0.949       |
|    explained_variance   | 8.17e-06     |
|    learning_rate        | 0.0003       |
|    loss                 | 1.03e+04     |
|    n_updates            | 240          |
|    policy_gradient_loss | -0.0134      |
|    value_loss           | 2.52e+04     |
------------------------------------------
-----------------------------------------
| rollout/                |             |
|    ep_len_mean          | 58.4        |
|    ep_rew_mean          | 657         |
| time/                   |             |
|    fps                  | 466         |
|    iterations           | 26          |
|    time_elapsed         | 114         |
|    total_timesteps      | 53248       |
| train/                  |             |
|    approx_kl            | 0.006586337 |
|    clip_fraction        | 0.0645      |
|    clip_range           | 0.2         |
|    entropy_loss         | -0.916      |
|    explained_variance   | 2.74e-06    |
|    learning_rate        | 0.0003      |
|    loss                 | 1.4e+04     |
|    n_updates            | 250         |
|    policy_gradient_loss | -0.0177     |
|    value_loss           | 2.33e+04    |
-----------------------------------------
-----------------------------------------
| rollout/                |             |
|    ep_len_mean          | 59          |
|    ep_rew_mean          | 674         |
| time/                   |             |
|    fps                  | 466         |
|    iterations           | 27          |
|    time_elapsed         | 118         |
|    total_timesteps      | 55296       |
| train/                  |             |
|    approx_kl            | 0.004539898 |
|    clip_fraction        | 0.0248      |
|    clip_range           | 0.2         |
|    entropy_loss         | -0.919      |
|    explained_variance   | 7.26e-05    |
|    learning_rate        | 0.0003      |
|    loss                 | 1.21e+04    |
|    n_updates            | 260         |
|    policy_gradient_loss | -0.0123     |
|    value_loss           | 2.15e+04    |
-----------------------------------------
